[debug] [2021-06-26T19:28:17.405Z] ----------------------------------------------------------------------
[debug] [2021-06-26T19:28:17.407Z] Command:       C:\Program Files\nodejs\node.exe C:\Users\milen\AppData\Roaming\npm\node_modules\firebase-tools\lib\bin\firebase.js init
[debug] [2021-06-26T19:28:17.408Z] CLI Version:   9.14.0
[debug] [2021-06-26T19:28:17.408Z] Platform:      win32
[debug] [2021-06-26T19:28:17.408Z] Node Version:  v14.16.1
[debug] [2021-06-26T19:28:17.410Z] Time:          Sat Jun 26 2021 16:28:17 GMT-0300 (Horário Padrão de Brasília)
[debug] [2021-06-26T19:28:17.410Z] ----------------------------------------------------------------------
[debug] 
[debug] [2021-06-26T19:28:17.445Z] > command requires scopes: ["email","openid","https://www.googleapis.com/auth/cloudplatformprojects.readonly","https://www.googleapis.com/auth/firebase","https://www.googleapis.com/auth/cloud-platform"]
[debug] [2021-06-26T19:28:17.446Z] > authorizing via signed-in user (milena.soaressouza02@gmail.com)
[info] 
     ######## #### ########  ######## ########     ###     ######  ########
     ##        ##  ##     ## ##       ##     ##  ##   ##  ##       ##
     ######    ##  ########  ######   ########  #########  ######  ######
     ##        ##  ##    ##  ##       ##     ## ##     ##       ## ##
     ##       #### ##     ## ######## ########  ##     ##  ######  ########

You're about to initialize a Firebase project in this directory:

  C:\Users\milen\Downloads\nlw-06-reactjs\letmeask

Before we get started, keep in mind:

  * You are initializing within an existing Firebase project directory

[info] 
=== Project Setup
[info] 
[info] First, let's associate this project directory with a Firebase project.
[info] You can create multiple project aliases by running firebase use --add, 
[info] but for now we'll just set up a default project.
[info] 
[info] i  .firebaserc already has a default project, using letmeask. 
[debug] [2021-06-26T19:29:29.119Z] >>> [apiv2][query] GET https://firebase.googleapis.com/v1beta1/projects/letmeask [none]
[debug] [2021-06-26T19:29:30.704Z] <<< [apiv2][status] GET https://firebase.googleapis.com/v1beta1/projects/letmeask 403
[debug] [2021-06-26T19:29:30.705Z] <<< [apiv2][body] GET https://firebase.googleapis.com/v1beta1/projects/letmeask {"error":{"code":403,"message":"The caller does not have permission","status":"PERMISSION_DENIED"}}
[debug] [2021-06-26T19:29:30.707Z] HTTP Error: 403, The caller does not have permission
[debug] [2021-06-26T19:29:30.929Z] FirebaseError: HTTP Error: 403, The caller does not have permission
    at module.exports (C:\Users\milen\AppData\Roaming\npm\node_modules\firebase-tools\lib\responseToError.js:38:12)
    at Client.doRequest (C:\Users\milen\AppData\Roaming\npm\node_modules\firebase-tools\lib\apiv2.js:238:23)
    at processTicksAndRejections (internal/process/task_queues.js:93:5)
    at async Client.request (C:\Users\milen\AppData\Roaming\npm\node_modules\firebase-tools\lib\apiv2.js:96:20)
    at async Object.getFirebaseProject (C:\Users\milen\AppData\Roaming\npm\node_modules\firebase-tools\lib\management\projects.js:290:21)
    at async Object.doSetup [as project] (C:\Users\milen\AppData\Roaming\npm\node_modules\firebase-tools\lib\init\features\project.js:77:27)
    at async init (C:\Users\milen\AppData\Roaming\npm\node_modules\firebase-tools\lib\init\index.js:19:9)
[error] 
[error] Error: Failed to get Firebase project letmeask. Please make sure the project exists and your account has permission to access it.
